#
# An unexpected error has been detected by Java Runtime Environment:
#
#  EXCEPTION_ACCESS_VIOLATION (0xc0000005) at pc=0x78796476, pid=23372, tid=20300
#
# Java VM: Java HotSpot(TM) Client VM (1.6.0-b105 mixed mode)
# Problematic frame:
# C  [hg.dll+0xb6476]
#
# If you would like to submit a bug report, please visit:
#   http://java.sun.com/webapps/bugreport/crash.jsp
#

---------------  T H R E A D  ---------------

Current thread (0x0804f000):  JavaThread "main" [_thread_in_native, id=20300]

siginfo: ExceptionCode=0xc0000005, reading address 0x00000018

Registers:
EAX=0x00000000, EBX=0x00d3a400, ECX=0x09dfab20, EDX=0x787f58c0
ESP=0x00d3a3b8, EBP=0x00d3a3b8, ESI=0x20711360, EDI=0x7ad78a80
EIP=0x78796476, EFLAGS=0x00210246

Top of Stack: (sp=0x00d3a3b8)
0x00d3a3b8:   00d3a3c8 7871880f 00000000 00d3a46c
0x00d3a3c8:   00d3a3e0 7876def2 00000000 20711360
0x00d3a3d8:   022417c8 00000000 00d3a41c 7a7144a3
0x00d3a3e8:   02214c40 00d3a4a4 00d3a46c 00000001
0x00d3a3f8:   01353498 022417c8 00000000 00d3a46c
0x00d3a408:   00000000 00d3a3fc 00d3a488 7a71f830
0x00d3a418:   00000000 00d3a494 7977d574 02214c40
0x00d3a428:   00d3a4a4 00d3a46c 00000001 01353498 

Instructions: (pc=0x78796476)
0x78796466:   cc cc cc cc cc cc cc cc cc cc 55 8b ec 8b 45 08
0x78796476:   8b 40 18 5d c3 cc cc cc cc cc 55 8b ec 8b 4d 0c 


Stack: [0x00540000,0x00d40000),  sp=0x00d3a3b8,  free space=8168k
Native frames: (J=compiled Java code, j=interpreted, Vv=VM code, C=native code)
C  [hg.dll+0xb6476]
C  [hg.dll+0x3880f]
C  [hg.dll+0x8def2]
C  [udd.dll+0x344a3]
C  [udd_mi.dll+0x2d574]
C  [udd_mi.dll+0x2d806]
C  [mcos.dll+0xb35b6]
C  [m_dispatcher.dll+0x840a]
C  [m_interpreter.dll+0x3c28d]
C  [m_interpreter.dll+0x3c342]
C  0x78661b12
C  0x78661df0
C  0x78661eaa
C  0x78664ab6
j  com.mathworks.jmi.NativeMatlab.SendMatlabMessage(Ljava/lang/Object;)Ljava/lang/Object;+0
j  com.mathworks.jmi.NativeMatlab.sendMatlabMessage(Ljava/lang/Object;)Ljava/lang/Object;+22
j  com.mathworks.jmi.MatlabLooper.sendMatlabMessage(Lcom/mathworks/services/message/MWMessage;)Ljava/lang/Object;+20
j  com.mathworks.jmi.Matlab.mtFeval(Ljava/lang/String;[Ljava/lang/Object;I)Ljava/lang/Object;+71
j  com.mathworks.toolbox.matlab.guide.palette.GObjectProxy.updateComponentView(Lcom/mathworks/jmi/bean/UDDObject;)V+28
j  com.mathworks.toolbox.matlab.guide.palette.GObjectProxy.updateProxyComponent(Lcom/mathworks/jmi/bean/UDDObject;)V+9
j  com.mathworks.toolbox.matlab.guide.palette.MObjectProxy.updateProxy(Ljava/lang/Object;)V+36
j  com.mathworks.toolbox.matlab.guide.palette.GObjectProxy.updateProxy(Ljava/lang/Object;)V+14
j  com.mathworks.toolbox.matlab.guide.palette.GObjectProxy.updateProxy(Ljava/lang/Object;)V+160
j  com.mathworks.toolbox.matlab.guide.palette.GObjectProxy.updateProxy(Ljava/lang/Object;)V+160
j  com.mathworks.toolbox.matlab.guide.LayoutLooper$UpdateObjectWorker.runOnMatlabThread()Ljava/lang/Object;+27
j  com.mathworks.jmi.MatlabWorker$2.run()V+10
j  com.mathworks.jmi.MatlabWorker.start()V+10
j  com.mathworks.toolbox.matlab.guide.LayoutLooper.updateObject(Lcom/mathworks/toolbox/matlab/guide/palette/LOWrapperOwner;Lcom/mathworks/toolbox/matlab/guide/LayoutArea;)V+17
j  com.mathworks.toolbox.matlab.guide.LayoutArea.changeObjects(Lcom/mathworks/services/ObjectRegistryEvent;)V+322
j  com.mathworks.toolbox.matlab.guide.LayoutArea$ObjectChanged.objectChanged(Lcom/mathworks/services/ObjectRegistryEvent;)V+5
j  com.mathworks.services.ObjectRegistry.fireObjectRegistryEvent(Lcom/mathworks/services/ObjectRegistryEvent;)V+97
j  com.mathworks.services.ObjectRegistry.access$200(Lcom/mathworks/services/ObjectRegistry;Lcom/mathworks/services/ObjectRegistryEvent;)V+2
j  com.mathworks.services.ObjectRegistry$MyBrowseableHandler.childChanged(Lcom/mathworks/services/BrowseableEvent;)V+46
j  com.mathworks.services.ObjectRegistryEntry.fireBrowseableEvent(Lcom/mathworks/services/BrowseableEvent;)V+129
j  com.mathworks.services.ObjectRegistryEntry.changeChildren([Lcom/mathworks/services/Browseable;ILjava/lang/Object;)V+21
j  com.mathworks.services.ObjectRegistryEntry.changeChild(Lcom/mathworks/services/Browseable;ILjava/lang/Object;)V+15
j  com.mathworks.services.ObjectRegistry.change([Ljava/lang/Object;Ljava/lang/Object;I)V+52
j  com.mathworks.services.ObjectRegistry.change([Ljava/lang/Object;)V+4
j  com.mathworks.toolbox.matlab.guide.LayoutLooper$MoveCompleted.completed(ILjava/lang/Object;)V+115
j  com.mathworks.toolbox.matlab.guide.utils.LayoutWorker.runOnMatlabThread()Ljava/lang/Object;+29
j  com.mathworks.jmi.MatlabWorker$2.run()V+10
J  com.mathworks.jmi.NativeMatlab.dispatchMTRequests(Z)V
v  ~StubRoutines::call_stub

Java frames: (J=compiled Java code, j=interpreted, Vv=VM code)
j  com.mathworks.jmi.NativeMatlab.SendMatlabMessage(Ljava/lang/Object;)Ljava/lang/Object;+0
j  com.mathworks.jmi.NativeMatlab.sendMatlabMessage(Ljava/lang/Object;)Ljava/lang/Object;+22
j  com.mathworks.jmi.MatlabLooper.sendMatlabMessage(Lcom/mathworks/services/message/MWMessage;)Ljava/lang/Object;+20
j  com.mathworks.jmi.Matlab.mtFeval(Ljava/lang/String;[Ljava/lang/Object;I)Ljava/lang/Object;+71
j  com.mathworks.toolbox.matlab.guide.palette.GObjectProxy.updateComponentView(Lcom/mathworks/jmi/bean/UDDObject;)V+28
j  com.mathworks.toolbox.matlab.guide.palette.GObjectProxy.updateProxyComponent(Lcom/mathworks/jmi/bean/UDDObject;)V+9
j  com.mathworks.toolbox.matlab.guide.palette.MObjectProxy.updateProxy(Ljava/lang/Object;)V+36
j  com.mathworks.toolbox.matlab.guide.palette.GObjectProxy.updateProxy(Ljava/lang/Object;)V+14
j  com.mathworks.toolbox.matlab.guide.palette.GObjectProxy.updateProxy(Ljava/lang/Object;)V+160
j  com.mathworks.toolbox.matlab.guide.palette.GObjectProxy.updateProxy(Ljava/lang/Object;)V+160
j  com.mathworks.toolbox.matlab.guide.LayoutLooper$UpdateObjectWorker.runOnMatlabThread()Ljava/lang/Object;+27
j  com.mathworks.jmi.MatlabWorker$2.run()V+10
j  com.mathworks.jmi.MatlabWorker.start()V+10
j  com.mathworks.toolbox.matlab.guide.LayoutLooper.updateObject(Lcom/mathworks/toolbox/matlab/guide/palette/LOWrapperOwner;Lcom/mathworks/toolbox/matlab/guide/LayoutArea;)V+17
j  com.mathworks.toolbox.matlab.guide.LayoutArea.changeObjects(Lcom/mathworks/services/ObjectRegistryEvent;)V+322
j  com.mathworks.toolbox.matlab.guide.LayoutArea$ObjectChanged.objectChanged(Lcom/mathworks/services/ObjectRegistryEvent;)V+5
j  com.mathworks.services.ObjectRegistry.fireObjectRegistryEvent(Lcom/mathworks/services/ObjectRegistryEvent;)V+97
j  com.mathworks.services.ObjectRegistry.access$200(Lcom/mathworks/services/ObjectRegistry;Lcom/mathworks/services/ObjectRegistryEvent;)V+2
j  com.mathworks.services.ObjectRegistry$MyBrowseableHandler.childChanged(Lcom/mathworks/services/BrowseableEvent;)V+46
j  com.mathworks.services.ObjectRegistryEntry.fireBrowseableEvent(Lcom/mathworks/services/BrowseableEvent;)V+129
j  com.mathworks.services.ObjectRegistryEntry.changeChildren([Lcom/mathworks/services/Browseable;ILjava/lang/Object;)V+21
j  com.mathworks.services.ObjectRegistryEntry.changeChild(Lcom/mathworks/services/Browseable;ILjava/lang/Object;)V+15
j  com.mathworks.services.ObjectRegistry.change([Ljava/lang/Object;Ljava/lang/Object;I)V+52
j  com.mathworks.services.ObjectRegistry.change([Ljava/lang/Object;)V+4
j  com.mathworks.toolbox.matlab.guide.LayoutLooper$MoveCompleted.completed(ILjava/lang/Object;)V+115
j  com.mathworks.toolbox.matlab.guide.utils.LayoutWorker.runOnMatlabThread()Ljava/lang/Object;+29
j  com.mathworks.jmi.MatlabWorker$2.run()V+10
J  com.mathworks.jmi.NativeMatlab.dispatchMTRequests(Z)V
v  ~StubRoutines::call_stub

---------------  P R O C E S S  ---------------

Java Threads: ( => current thread )
  0x1d85a800 JavaThread "Thread-2192" [_thread_blocked, id=131496]
  0x1d859c00 JavaThread "Timer-MWTextView caret" [_thread_blocked, id=116004]
  0x1d857c00 JavaThread "Timer-6" [_thread_blocked, id=110648]
  0x1d85a400 JavaThread "Thread-1609" [_thread_blocked, id=106464]
  0x1d858000 JavaThread "Thread-1498" [_thread_blocked, id=105576]
  0x1d859000 JavaThread "Thread-1494" [_thread_blocked, id=98588]
  0x1d858c00 JavaThread "Thread-1490" [_thread_blocked, id=103544]
  0x1d855c00 JavaThread "Thread-1486" [_thread_blocked, id=101448]
  0x1d856800 JavaThread "Thread-1459" [_thread_blocked, id=104172]
  0x1d858400 JavaThread "Thread-1457" [_thread_blocked, id=100672]
  0x1d856400 JavaThread "Thread-1456" [_thread_blocked, id=103148]
  0x1d857400 JavaThread "Timer-5" [_thread_blocked, id=24112]
  0x1d855800 JavaThread "Prefs Updater" [_thread_blocked, id=21712]
  0x1d855000 JavaThread "Active Reference Queue Daemon" daemon [_thread_blocked, id=21600]
  0x1d854c00 JavaThread "Timer-3" daemon [_thread_blocked, id=23044]
  0x1d854800 JavaThread "Timer-2" daemon [_thread_blocked, id=23408]
  0x1d7d4800 JavaThread "Timer-1" [_thread_blocked, id=22424]
  0x1d6bc000 JavaThread "TimerQueue" daemon [_thread_blocked, id=23572]
  0x1d4a1400 JavaThread "AWT-EventQueue-0" [_thread_blocked, id=22728]
  0x0fd49400 JavaThread "AWT-Windows" daemon [_thread_in_native, id=22652]
  0x0fd48400 JavaThread "AWT-Shutdown" [_thread_blocked, id=22648]
  0x0fd48000 JavaThread "Java2D Disposer" daemon [_thread_blocked, id=2548]
  0x0f88b800 JavaThread "Timer-0" [_thread_blocked, id=5844]
  0x08518400 JavaThread "Low Memory Detector" daemon [_thread_blocked, id=10652]
  0x08513c00 JavaThread "CompilerThread0" daemon [_thread_blocked, id=7756]
  0x08513000 JavaThread "Attach Listener" daemon [_thread_blocked, id=23432]
  0x084f5c00 JavaThread "Finalizer" daemon [_thread_blocked, id=22704]
  0x084ed400 JavaThread "Reference Handler" daemon [_thread_blocked, id=19536]
=>0x0804f000 JavaThread "main" [_thread_in_native, id=20300]

Other Threads:
  0x084ea400 VMThread [id=13824]
  0x08531400 WatcherThread [id=21580]

VM state:not at safepoint (normal execution)

VM Mutex/Monitor currently owned by a thread: None

Heap
 def new generation   total 29504K, used 23356K [0x10390000, 0x12390000, 0x12390000)
  eden space 26240K,  89% used [0x10390000, 0x11a5f018, 0x11d30000)
  from space 3264K,   0% used [0x11d30000, 0x11d30000, 0x12060000)
  to   space 3264K,   0% used [0x12060000, 0x12060000, 0x12390000)
 tenured generation   total 98304K, used 86438K [0x12390000, 0x18390000, 0x18390000)
   the space 98304K,  87% used [0x12390000, 0x177f9870, 0x177f9a00, 0x18390000)
 compacting perm gen  total 34816K, used 34776K [0x18390000, 0x1a590000, 0x1c390000)
   the space 34816K,  99% used [0x18390000, 0x1a5862c8, 0x1a586400, 0x1a590000)
No shared spaces configured.

Dynamic libraries:
0x00400000 - 0x00536000 	C:\Program Files\MATLAB\R2008a\bin\win32\MATLAB.exe
0x77710000 - 0x7784c000 	C:\Windows\SYSTEM32\ntdll.dll
0x75af0000 - 0x75bc4000 	C:\Windows\system32\kernel32.dll
0x75710000 - 0x7575b000 	C:\Windows\system32\KERNELBASE.dll
0x7ac90000 - 0x7ad5b000 	C:\Program Files\MATLAB\R2008a\bin\win32\libut.dll
0x77860000 - 0x7788b000 	C:\Windows\system32\imagehlp.dll
0x77890000 - 0x7793c000 	C:\Windows\system32\msvcrt.dll
0x76160000 - 0x76200000 	C:\Windows\system32\ADVAPI32.dll
0x75f20000 - 0x75f39000 	C:\Windows\SYSTEM32\sechost.dll
0x758d0000 - 0x75972000 	C:\Windows\system32\RPCRT4.dll
0x77850000 - 0x77855000 	C:\Windows\system32\PSAPI.DLL
0x7b4d0000 - 0x7b4ef000 	C:\Program Files\MATLAB\R2008a\bin\win32\LIBEXPAT.dll
0x00230000 - 0x002cb000 	C:\Windows\WinSxS\x86_microsoft.vc80.crt_1fc8b3b9a1e18e3b_8.0.50727.6195_none_d09154e044272b9a\MSVCR80.dll
0x7b040000 - 0x7b117000 	C:\Program Files\MATLAB\R2008a\bin\win32\icuuc36.dll
0x7a820000 - 0x7a824000 	C:\Program Files\MATLAB\R2008a\bin\win32\icudt36.dll
0x7a830000 - 0x7a83c000 	C:\Program Files\MATLAB\R2008a\bin\win32\icuio36.dll
0x7aaf0000 - 0x7abb2000 	C:\Program Files\MATLAB\R2008a\bin\win32\icuin36.dll
0x002d0000 - 0x00357000 	C:\Windows\WinSxS\x86_microsoft.vc80.crt_1fc8b3b9a1e18e3b_8.0.50727.6195_none_d09154e044272b9a\MSVCP80.dll
0x763c0000 - 0x76489000 	C:\Windows\system32\USER32.dll
0x77630000 - 0x7767e000 	C:\Windows\system32\GDI32.dll
0x77270000 - 0x7727a000 	C:\Windows\system32\LPK.dll
0x772a0000 - 0x7733d000 	C:\Windows\system32\USP10.dll
0x7adc0000 - 0x7af93000 	C:\Program Files\MATLAB\R2008a\bin\win32\libmwservices.dll
0x7ad60000 - 0x7adb2000 	C:\Program Files\MATLAB\R2008a\bin\win32\libmx.dll
0x78680000 - 0x78692000 	C:\Program Files\MATLAB\R2008a\bin\win32\zlib1.dll
0x7afa0000 - 0x7b036000 	C:\Program Files\MATLAB\R2008a\bin\win32\libmwmathutil.dll
0x791b0000 - 0x791e3000 	C:\Program Files\MATLAB\R2008a\bin\win32\mpath.dll
0x7b500000 - 0x7b515000 	C:\Program Files\MATLAB\R2008a\bin\win32\mlutil.dll
0x72830000 - 0x728b4000 	C:\Windows\WinSxS\x86_microsoft.windows.common-controls_6595b64144ccf1df_5.82.7601.18201_none_ec80f00e8593ece5\COMCTL32.dll
0x75980000 - 0x759fb000 	C:\Windows\system32\comdlg32.dll
0x76100000 - 0x76157000 	C:\Windows\system32\SHLWAPI.dll
0x764e0000 - 0x7712a000 	C:\Windows\system32\SHELL32.dll
0x73a40000 - 0x73a51000 	C:\Windows\system32\NETAPI32.dll
0x73a30000 - 0x73a39000 	C:\Windows\system32\netutils.dll
0x751e0000 - 0x751f9000 	C:\Windows\system32\srvcli.dll
0x73a20000 - 0x73a2f000 	C:\Windows\system32\wkscli.dll
0x764a0000 - 0x764d5000 	C:\Windows\system32\WS2_32.dll
0x76490000 - 0x76496000 	C:\Windows\system32\NSI.dll
0x79710000 - 0x79746000 	C:\Program Files\MATLAB\R2008a\bin\win32\mcr.dll
0x7a840000 - 0x7a857000 	C:\Program Files\MATLAB\R2008a\bin\win32\iqm.dll
0x78550000 - 0x7856a000 	C:\Program Files\MATLAB\R2008a\bin\win32\bridge.dll
0x7a870000 - 0x7a87e000 	C:\Program Files\MATLAB\R2008a\bin\win32\libmex.dll
0x795e0000 - 0x79638000 	C:\Program Files\MATLAB\R2008a\bin\win32\m_dispatcher.dll
0x78570000 - 0x7858c000 	C:\Program Files\MATLAB\R2008a\bin\win32\datasvcs.dll
0x78a30000 - 0x78bf2000 	C:\Program Files\MATLAB\R2008a\bin\win32\xerces-c_2_7.dll
0x79c90000 - 0x7a1a0000 	C:\Program Files\MATLAB\R2008a\bin\win32\m_interpreter.dll
0x78590000 - 0x785b1000 	C:\Program Files\MATLAB\R2008a\bin\win32\libmat.dll
0x7abc0000 - 0x7ac85000 	C:\Program Files\MATLAB\R2008a\bin\win32\libhdf5.dll
0x794f0000 - 0x79539000 	C:\Program Files\MATLAB\R2008a\bin\win32\profiler.dll
0x7a8d0000 - 0x7a8d9000 	C:\Program Files\MATLAB\R2008a\bin\win32\libmwmathrng.dll
0x78600000 - 0x78612000 	C:\Program Files\MATLAB\R2008a\bin\win32\m_pcodeio.dll
0x79170000 - 0x791a4000 	C:\Program Files\MATLAB\R2008a\bin\win32\m_ir.dll
0x797c0000 - 0x79c8b000 	C:\Program Files\MATLAB\R2008a\bin\win32\m_parser.dll
0x7a860000 - 0x7a86d000 	C:\Program Files\MATLAB\R2008a\bin\win32\ir_xfmr.dll
0x782e0000 - 0x78411000 	C:\Program Files\MATLAB\R2008a\bin\win32\mcos.dll
0x7a900000 - 0x7a90a000 	C:\Program Files\MATLAB\R2008a\bin\win32\mtok.dll
0x785e0000 - 0x785f6000 	C:\Program Files\MATLAB\R2008a\bin\win32\m_pcodegen.dll
0x7a810000 - 0x7a81d000 	C:\Program Files\MATLAB\R2008a\bin\win32\boost_thread-vc80-mt-1_34_1.dll
0x7a6e0000 - 0x7a764000 	C:\Program Files\MATLAB\R2008a\bin\win32\udd.dll
0x7b120000 - 0x7b20d000 	C:\Program Files\MATLAB\R2008a\bin\win32\libmwgui.dll
0x786e0000 - 0x78860000 	C:\Program Files\MATLAB\R2008a\bin\win32\hg.dll
0x790b0000 - 0x790ea000 	C:\Program Files\MATLAB\R2008a\bin\win32\jmi.dll
0x78dd0000 - 0x78dfa000 	C:\Program Files\MATLAB\R2008a\bin\win32\libmwhardcopy.dll
0x79130000 - 0x79169000 	C:\Program Files\MATLAB\R2008a\bin\win32\libuij.dll
0x78860000 - 0x78a22000 	C:\Program Files\MATLAB\R2008a\bin\win32\numerics.dll
0x7a8a0000 - 0x7a8aa000 	C:\Program Files\MATLAB\R2008a\bin\win32\libmwblas.dll
0x7a890000 - 0x7a89c000 	C:\Program Files\MATLAB\R2008a\bin\win32\libmwbinder.dll
0x785c0000 - 0x785df000 	C:\Program Files\MATLAB\R2008a\bin\win32\libmwlapack.dll
0x7b4f0000 - 0x7b4f8000 	C:\Program Files\MATLAB\R2008a\bin\win32\libmwfftw.dll
0x7b520000 - 0x7b54a000 	C:\Program Files\MATLAB\R2008a\bin\win32\libmwrookfastbp.dll
0x78e00000 - 0x78e27000 	C:\Program Files\MATLAB\R2008a\bin\win32\libmwma57.dll
0x7aa40000 - 0x7aaeb000 	C:\Program Files\MATLAB\R2008a\bin\win32\libifcoremd.dll
0x791f0000 - 0x7949f000 	C:\Program Files\MATLAB\R2008a\bin\win32\libmmd.dll
0x7a8c0000 - 0x7a8c8000 	C:\Program Files\MATLAB\R2008a\bin\win32\libmwcsparse.dll
0x796a0000 - 0x79707000 	C:\Program Files\MATLAB\R2008a\bin\win32\libmwumfpack.dll
0x7a880000 - 0x7a888000 	C:\Program Files\MATLAB\R2008a\bin\win32\libmwamd.dll
0x79540000 - 0x79593000 	C:\Program Files\MATLAB\R2008a\bin\win32\libmwcholmod.dll
0x7a8b0000 - 0x7a8b8000 	C:\Program Files\MATLAB\R2008a\bin\win32\libmwcolamd.dll
0x7a770000 - 0x7a804000 	C:\Program Files\MATLAB\R2008a\bin\win32\uiw.dll
0x7a940000 - 0x7a949000 	C:\Program Files\MATLAB\R2008a\bin\win32\uinone.dll
0x00f50000 - 0x0105f000 	C:\Windows\WinSxS\x86_microsoft.vc80.mfc_1fc8b3b9a1e18e3b_8.0.50727.6195_none_cbf5e994470a1a8f\MFC80.DLL
0x71470000 - 0x714c1000 	C:\Windows\system32\WINSPOOL.DRV
0x75d70000 - 0x75ecc000 	C:\Windows\system32\ole32.dll
0x77680000 - 0x7770f000 	C:\Windows\system32\OLEAUT32.dll
0x79750000 - 0x797b2000 	C:\Program Files\MATLAB\R2008a\bin\win32\udd_mi.dll
0x78620000 - 0x78632000 	C:\Program Files\MATLAB\R2008a\bin\win32\mwoles05.DLL
0x794a0000 - 0x794e3000 	C:\Program Files\MATLAB\R2008a\bin\win32\comcli.dll
0x71ba0000 - 0x71bbb000 	C:\Windows\WinSxS\x86_microsoft.vc80.atl_1fc8b3b9a1e18e3b_8.0.50727.6195_none_d1cb102c435421de\ATL80.DLL
0x7a8f0000 - 0x7a8fb000 	C:\Program Files\MATLAB\R2008a\bin\win32\mlautoregister.dll
0x77280000 - 0x7729f000 	C:\Windows\system32\IMM32.DLL
0x75800000 - 0x758cc000 	C:\Windows\system32\MSCTF.dll
0x753a0000 - 0x753d8000 	C:\Windows\system32\nvinit.dll
0x0f000000 - 0x0f006000 	C:\Program Files\NVIDIA Corporation\CoProcManager\_etoured.dll
0x012d0000 - 0x0130d000 	C:\Program Files\NVIDIA Corporation\CoProcManager\nvd3d9wrap.dll
0x75bd0000 - 0x75d6d000 	C:\Windows\system32\SETUPAPI.dll
0x75680000 - 0x756a7000 	C:\Windows\system32\CFGMGR32.dll
0x75580000 - 0x75592000 	C:\Windows\system32\DEVOBJ.dll
0x01320000 - 0x0134f000 	C:\Program Files\NVIDIA Corporation\CoProcManager\nvdxgiwrap.dll
0x7b7f0000 - 0x7c0b2000 	C:\Program Files\MATLAB\R2008a\bin\win32\mkl.dll
0x790f0000 - 0x7912e000 	C:\Program Files\MATLAB\R2008a\bin\win32\libguide40.dll
0x7b210000 - 0x7b216000 	C:\Program Files\MATLAB\R2008a\bin\win32\mklcompat.dll
0x7a1a0000 - 0x7a650000 	C:\Program Files\MATLAB\R2008a\bin\win32\mllapack.dll
0x7b700000 - 0x7b7e4000 	C:\Program Files\MATLAB\R2008a\bin\win32\libfftw3i.dll
0x7a950000 - 0x7aa3f000 	C:\Program Files\MATLAB\R2008a\bin\win32\libfftw3f.dll
0x71e40000 - 0x71e4a000 	C:\Windows\WinSxS\x86_microsoft.vc80.mfcloc_1fc8b3b9a1e18e3b_8.0.50727.6195_none_03ce2c72205943d3\MFC80CHS.DLL
0x74090000 - 0x740d0000 	C:\Windows\system32\uxtheme.dll
0x03b80000 - 0x03d29000 	D:\Program Files\360\360Safe\safemon\safemon.dll
0x741d0000 - 0x7436e000 	C:\Windows\WinSxS\x86_microsoft.windows.common-controls_6595b64144ccf1df_6.0.7601.17514_none_41e6975e2bd6f2b2\COMCTL32.dll
0x74e20000 - 0x74e29000 	C:\Windows\system32\VERSION.dll
0x752a0000 - 0x752ec000 	C:\Windows\system32\apphelp.dll
0x10000000 - 0x1038d000 	C:\Windows\system32\SOGOUPY.IME
0x732b0000 - 0x732b5000 	C:\Windows\system32\MSIMG32.dll
0x73270000 - 0x732ac000 	C:\Windows\system32\OLEACC.dll
0x73fd0000 - 0x73ff1000 	C:\Windows\system32\ntmarta.dll
0x75ed0000 - 0x75f15000 	C:\Windows\system32\WLDAP32.dll
0x75450000 - 0x7545b000 	C:\Windows\system32\profapi.dll
0x70390000 - 0x703b3000 	C:\Program Files\SogouInput\Components\SgAppender\1.0.0.207\SgAppender_Dll.dll
0x752f0000 - 0x752fc000 	C:\Windows\system32\CRYPTBASE.dll
0x773a0000 - 0x77423000 	C:\Windows\system32\CLBCatQ.DLL
0x740d0000 - 0x741c5000 	C:\Windows\system32\propsys.dll
0x70200000 - 0x702f7000 	C:\Program Files\SogouInput\Components\PicFace\1.0.0.1042\PicFace.dll
0x73620000 - 0x73623000 	C:\Windows\system32\icmp.Dll
0x73b90000 - 0x73bac000 	C:\Windows\system32\iphlpapi.DLL
0x73b80000 - 0x73b87000 	C:\Windows\system32\WINNSI.DLL
0x701c0000 - 0x701f4000 	C:\Program Files\SogouInput\Components\SGImeGuard\1.0.0.27\SGImeGuard.dll
0x74d30000 - 0x74d40000 	C:\Windows\system32\NLAapi.dll
0x72e60000 - 0x72e70000 	C:\Windows\system32\napinsp.dll
0x097c0000 - 0x097d2000 	C:\Windows\system32\pnrpnsp.dll

VM Arguments:
jvm_args: -Xss512k -XX:PermSize=32M -Xms64m -XX:NewRatio=3 -XX:MaxPermSize=64M -Xmx128m -XX:MaxDirectMemorySize=1200000000 -Dsun.java2d.noddraw=true -Dsun.awt.nopixfmt=true -Xshare:off -Xrs -Djava.library.path=C:\Program Files\MATLAB\R2008a\bin\win32 vfprintf abort
java_command: <unknown>
Launcher Type: generic

Environment Variables:
JAVA_HOME=C:\Program Files\Java\jdk1.7.0_51
CLASSPATH=C:\Program Files\Java\jdk1.7.0_51\bin;C:\Program Files\Java\jdk1.7.0_51\lib\tools.jar
PATH=C:\Program Files\PC Connectivity Solution\;C:\Windows\system32;C:\Windows;C:\Windows\System32\Wbem;C:\Windows\System32\WindowsPowerShell\v1.0\;C:\Program Files\Intel\OpenCL SDK\1.5\bin\x86;C:\Program Files\Microsoft SQL Server\100\Tools\Binn\;C:\Program Files\Microsoft SQL Server\100\DTS\Binn\;C:\Program Files\Microsoft SQL Server\90\Tools\binn\;d:\quartus\quartus\bin;C:\Program Files\Sybase\SQL Anywhere 8\win32;C:\Program Files\Sybase\Shared\win32;C:\Program Files\Sybase\Shared\Sybase Central 4.1;C:\Program Files\IVI Foundation\IVI\bin;C:\Program Files\IVI Foundation\VISA\WinNT\Bin\;C:\Program Files\IVI Foundation\VISA\WinNT\Bin;C:\Program Files\MATLAB\R2008a\bin;C:\Program Files\MATLAB\R2008a\bin\win32;D:\SPB_16.3\tools\bin;D:\SPB_16.3\tools\libutil\bin;D:\SPB_16.3\tools\fet\bin;D:\SPB_16.3\tools\pcb\bin;D:\SPB_16.3\tools\specctra\bin;D:\SPB_16.3\tools\PSpice;D:\SPB_16.3\tools\PSpice\Library;D:\SPB_16.3\tools\Capture;D:\SPB_16.3\OpenAccess\bin\win32\opt;C:\Program Files\Java\jre7\bin;E:\opencv\opencv\build\x86\vc10\bin;E:\opencv\opencv\build\x86\vc10\lib
USERNAME=Administrator
OS=Windows_NT
PROCESSOR_IDENTIFIER=x86 Family 6 Model 58 Stepping 9, GenuineIntel



---------------  S Y S T E M  ---------------

OS: Windows NT 6.1 Build 7601 Service Pack 1

CPU:total 4 family 6, cmov, cx8, fxsr, mmx, sse, sse2

Memory: 4k page, physical 3055980k(1074652k free), swap 4194303k(1017380k free)

vm_info: Java HotSpot(TM) Client VM (1.6.0-b105) for windows-x86, built on Nov 29 2006 00:48:48 by "java_re" with unknown MS VC++:1310

